2018-06-15T17:49:22.914Z - normal: Load ~/.CocosCreator/settings.json
2018-06-15T17:49:22.921Z - normal: checking language setting...
2018-06-15T17:49:22.921Z - normal: Language: en
2018-06-15T17:49:24.826Z - success: protocol editor-framework registered
2018-06-15T17:49:24.826Z - success: protocol app registered
2018-06-15T17:49:24.826Z - success: protocol theme registered
2018-06-15T17:49:24.826Z - success: protocol packages registered
2018-06-15T17:49:24.826Z - success: protocol unpack registerred
2018-06-15T17:49:24.826Z - success: protocol disable-commonjs registerred
2018-06-15T17:49:26.830Z - normal: connected!
2018-06-15T17:49:26.832Z - normal: Check project C:\Alura\Sobrevivente
2018-06-15T17:49:26.835Z - normal: Initializing Cocos2d
2018-06-15T17:49:27.217Z - normal: Initializing Asset Database
2018-06-15T17:49:27.275Z - success: protocol uuid registerred
2018-06-15T17:49:27.275Z - success: protocol db registerred
2018-06-15T17:49:27.275Z - success: protocol thumbnail registerred
2018-06-15T17:49:27.275Z - normal: Loading editor/builtin packages
2018-06-15T17:49:27.299Z - success: anysdk loaded
2018-06-15T17:49:27.412Z - success: assets loaded
2018-06-15T17:49:27.412Z - success: builder loaded
2018-06-15T17:49:27.428Z - success: cocos-analytics loaded
2018-06-15T17:49:27.430Z - success: console loaded
2018-06-15T17:49:27.461Z - success: fb-instant-games loaded
2018-06-15T17:49:27.461Z - success: hierarchy loaded
2018-06-15T17:49:27.461Z - success: inspector loaded
2018-06-15T17:49:27.461Z - success: keystore loaded
2018-06-15T17:49:27.477Z - success: node-library loaded
2018-06-15T17:49:27.477Z - success: package-asset loaded
2018-06-15T17:49:27.477Z - success: preferences loaded
2018-06-15T17:49:27.477Z - success: project-exporter loaded
2018-06-15T17:49:27.493Z - success: project-importer loaded
2018-06-15T17:49:27.493Z - success: project-settings loaded
2018-06-15T17:49:27.493Z - success: ui-kit loaded
2018-06-15T17:49:27.493Z - success: ui-grid loaded
2018-06-15T17:49:27.493Z - success: scene loaded
2018-06-15T17:49:27.493Z - success: sprite-editor loaded
2018-06-15T17:49:27.508Z - success: store loaded
2018-06-15T17:49:27.508Z - success: timeline loaded
2018-06-15T17:49:27.508Z - normal: Loading builtin packages
2018-06-15T17:49:27.508Z - success: asset-db-debugger loaded
2018-06-15T17:49:27.508Z - success: code-editor loaded
2018-06-15T17:49:27.508Z - success: color-picker loaded
2018-06-15T17:49:27.508Z - success: package-manager loaded
2018-06-15T17:49:27.524Z - success: sdkbox loaded
2018-06-15T17:49:27.524Z - success: tester loaded
2018-06-15T17:49:27.524Z - success: ui-kit-preview-extra loaded
2018-06-15T17:49:27.524Z - success: ui-kit-preview loaded
2018-06-15T17:49:27.524Z - success: ui-tree loaded
2018-06-15T17:49:28.659Z - normal: Initializing project C:\Alura\Sobrevivente
2018-06-15T17:49:28.671Z - normal: Loading packages
2018-06-15T17:49:28.676Z - normal: Watching packages
2018-06-15T17:49:28.687Z - normal: Run Application
2018-06-15T17:49:30.049Z - success: preview server running at http://localhost:7456
2018-06-15T17:49:34.827Z - normal: 1.9.1
